# JRE version: Java(TM) SE Runtime Environment (8.0_121-b13) (build 1.8.0_121-b13)
# Java VM: Java HotSpot(TM) 64-Bit Server VM (25.121-b13 mixed mode windows-amd64 compressed oops)
Heap:
 PSYoungGen      total 56832K, used 5231K [0x0000000780b00000, 0x0000000784a00000, 0x00000007c0000000)
  eden space 49152K, 10% used [0x0000000780b00000,0x000000078101bdd8,0x0000000783b00000)
  from space 7680K, 0% used [0x0000000784280000,0x0000000784280000,0x0000000784a00000)
  to   space 7680K, 0% used [0x0000000783b00000,0x0000000783b00000,0x0000000784280000)
 ParOldGen       total 92160K, used 9484K [0x0000000702000000, 0x0000000707a00000, 0x0000000780b00000)
  object space 92160K, 10% used [0x0000000702000000,0x0000000702943358,0x0000000707a00000)
 Metaspace       used 21026K, capacity 22209K, committed 22448K, reserved 1071104K
  class space    used 3030K, capacity 3242K, committed 3248K, reserved 1048576K
GC Heap History (8 events):
Event: 1.307 GC heap before
{Heap before GC invocations=1 (full 0):
 PSYoungGen      total 56832K, used 24804K [0x0000000780b00000, 0x0000000784a00000, 0x00000007c0000000)
  eden space 49152K, 50% used [0x0000000780b00000,0x0000000782339058,0x0000000783b00000)
  from space 7680K, 0% used [0x0000000784280000,0x0000000784280000,0x0000000784a00000)
  to   space 7680K, 0% used [0x0000000783b00000,0x0000000783b00000,0x0000000784280000)
 ParOldGen       total 130048K, used 0K [0x0000000702000000, 0x0000000709f00000, 0x0000000780b00000)
  object space 130048K, 0% used [0x0000000702000000,0x0000000702000000,0x0000000709f00000)
 Metaspace       used 9876K, capacity 10242K, committed 10368K, reserved 1062912K
  class space    used 1206K, capacity 1340K, committed 1408K, reserved 1048576K
Event: 1.313 GC heap after
Heap after GC invocations=1 (full 0):
 PSYoungGen      total 56832K, used 3160K [0x0000000780b00000, 0x0000000784a00000, 0x00000007c0000000)
  eden space 49152K, 0% used [0x0000000780b00000,0x0000000780b00000,0x0000000783b00000)
  from space 7680K, 41% used [0x0000000783b00000,0x0000000783e16050,0x0000000784280000)
  to   space 7680K, 0% used [0x0000000784280000,0x0000000784280000,0x0000000784a00000)
 ParOldGen       total 130048K, used 72K [0x0000000702000000, 0x0000000709f00000, 0x0000000780b00000)
  object space 130048K, 0% used [0x0000000702000000,0x0000000702012010,0x0000000709f00000)
 Metaspace       used 9876K, capacity 10242K, committed 10368K, reserved 1062912K
  class space    used 1206K, capacity 1340K, committed 1408K, reserved 1048576K
}
Event: 1.313 GC heap before
{Heap before GC invocations=2 (full 1):
 PSYoungGen      total 56832K, used 3160K [0x0000000780b00000, 0x0000000784a00000, 0x00000007c0000000)
  eden space 49152K, 0% used [0x0000000780b00000,0x0000000780b00000,0x0000000783b00000)
  from space 7680K, 41% used [0x0000000783b00000,0x0000000783e16050,0x0000000784280000)
  to   space 7680K, 0% used [0x0000000784280000,0x0000000784280000,0x0000000784a00000)
 ParOldGen       total 130048K, used 72K [0x0000000702000000, 0x0000000709f00000, 0x0000000780b00000)
  object space 130048K, 0% used [0x0000000702000000,0x0000000702012010,0x0000000709f00000)
 Metaspace       used 9876K, capacity 10242K, committed 10368K, reserved 1062912K
  class space    used 1206K, capacity 1340K, committed 1408K, reserved 1048576K
Event: 1.335 GC heap after
Heap after GC invocations=2 (full 1):
 PSYoungGen      total 56832K, used 0K [0x0000000780b00000, 0x0000000784a00000, 0x00000007c0000000)
  eden space 49152K, 0% used [0x0000000780b00000,0x0000000780b00000,0x0000000783b00000)
  from space 7680K, 0% used [0x0000000783b00000,0x0000000783b00000,0x0000000784280000)
  to   space 7680K, 0% used [0x0000000784280000,0x0000000784280000,0x0000000784a00000)
 ParOldGen       total 92160K, used 3101K [0x0000000702000000, 0x0000000707a00000, 0x0000000780b00000)
  object space 92160K, 3% used [0x0000000702000000,0x0000000702307538,0x0000000707a00000)
 Metaspace       used 9876K, capacity 10242K, committed 10368K, reserved 1060864K
  class space    used 1206K, capacity 1340K, committed 1408K, reserved 1048576K
}
Event: 4.847 GC heap before
{Heap before GC invocations=3 (full 1):
 PSYoungGen      total 56832K, used 41322K [0x0000000780b00000, 0x0000000784a00000, 0x00000007c0000000)
  eden space 49152K, 84% used [0x0000000780b00000,0x000000078335abc0,0x0000000783b00000)
  from space 7680K, 0% used [0x0000000783b00000,0x0000000783b00000,0x0000000784280000)
  to   space 7680K, 0% used [0x0000000784280000,0x0000000784280000,0x0000000784a00000)
 ParOldGen       total 92160K, used 3101K [0x0000000702000000, 0x0000000707a00000, 0x0000000780b00000)
  object space 92160K, 3% used [0x0000000702000000,0x0000000702307538,0x0000000707a00000)
 Metaspace       used 20212K, capacity 21259K, committed 21296K, reserved 1069056K
  class space    used 2876K, capacity 3083K, committed 3120K, reserved 1048576K
Event: 4.855 GC heap after
Heap after GC invocations=3 (full 1):
 PSYoungGen      total 56832K, used 6734K [0x0000000780b00000, 0x0000000784a00000, 0x00000007c0000000)
  eden space 49152K, 0% used [0x0000000780b00000,0x0000000780b00000,0x0000000783b00000)
  from space 7680K, 87% used [0x0000000784280000,0x0000000784913bf8,0x0000000784a00000)
  to   space 7680K, 0% used [0x0000000783b00000,0x0000000783b00000,0x0000000784280000)
 ParOldGen       total 92160K, used 3128K [0x0000000702000000, 0x0000000707a00000, 0x0000000780b00000)
  object space 92160K, 3% used [0x0000000702000000,0x000000070230e188,0x0000000707a00000)
 Metaspace       used 20212K, capacity 21259K, committed 21296K, reserved 1069056K
  class space    used 2876K, capacity 3083K, committed 3120K, reserved 1048576K
}
Event: 4.855 GC heap before
{Heap before GC invocations=4 (full 2):
 PSYoungGen      total 56832K, used 6734K [0x0000000780b00000, 0x0000000784a00000, 0x00000007c0000000)
  eden space 49152K, 0% used [0x0000000780b00000,0x0000000780b00000,0x0000000783b00000)
  from space 7680K, 87% used [0x0000000784280000,0x0000000784913bf8,0x0000000784a00000)
  to   space 7680K, 0% used [0x0000000783b00000,0x0000000783b00000,0x0000000784280000)
 ParOldGen       total 92160K, used 3128K [0x0000000702000000, 0x0000000707a00000, 0x0000000780b00000)
  object space 92160K, 3% used [0x0000000702000000,0x000000070230e188,0x0000000707a00000)
 Metaspace       used 20212K, capacity 21259K, committed 21296K, reserved 1069056K
  class space    used 2876K, capacity 3083K, committed 3120K, reserved 1048576K
Event: 4.913 GC heap after
Heap after GC invocations=4 (full 2):
 PSYoungGen      total 56832K, used 0K [0x0000000780b00000, 0x0000000784a00000, 0x00000007c0000000)
  eden space 49152K, 0% used [0x0000000780b00000,0x0000000780b00000,0x0000000783b00000)
  from space 7680K, 0% used [0x0000000784280000,0x0000000784280000,0x0000000784a00000)
  to   space 7680K, 0% used [0x0000000783b00000,0x0000000783b00000,0x0000000784280000)
 ParOldGen       total 92160K, used 9484K [0x0000000702000000, 0x0000000707a00000, 0x0000000780b00000)
  object space 92160K, 10% used [0x0000000702000000,0x0000000702943358,0x0000000707a00000)
 Metaspace       used 20212K, capacity 21259K, committed 21296K, reserved 1069056K
  class space    used 2876K, capacity 3083K, committed 3120K, reserved 1048576K
}

